<?xml version="1.0" encoding="UTF-8"?>
<!-- Generated by org.testng.reporters.JUnitReportReporter -->
<testsuite hostname="LP-PF2Y0XZN" name="practice1.LoginPage" tests="1" failures="0" timestamp="12 Aug 2021 15:48:39 GMT" time="11.588" errors="0">
  <testcase name="f" time="11.588" classname="practice1.LoginPage"/>
</testsuite> <!-- practice1.LoginPage -->
