<?xml version="1.0" encoding="UTF-8"?>
<!-- Generated by org.testng.reporters.JUnitReportReporter -->
<testsuite hostname="LP-PF2Y0XZN" name="practice1.Multi_WebDrivers" tests="1" failures="0" timestamp="10 Aug 2021 12:26:19 GMT" time="6.459" errors="0">
  <testcase name="f" time="6.459" classname="practice1.Multi_WebDrivers"/>
</testsuite> <!-- practice1.Multi_WebDrivers -->
