<?xml version="1.0" encoding="UTF-8"?>
<!-- Generated by org.testng.reporters.JUnitReportReporter -->
<testsuite hostname="LP-PF2Y0XZN" name="practice1.Myntra_LoginPage" tests="1" failures="0" timestamp="23 Aug 2021 10:06:32 GMT" time="14.062" errors="0">
  <testcase name="f" time="14.062" classname="practice1.Myntra_LoginPage"/>
</testsuite> <!-- practice1.Myntra_LoginPage -->
